<?xml version="1.0" encoding="utf-8"?><testsuites name="pytest tests"><testsuite name="pytest" errors="0" failures="0" skipped="0" tests="57" time="68.253" timestamp="2026-07-22T13:05:47.272480+00:00" hostname="agent-env-3e1c18c2-7bdc-4da1-8cb9-3b8140d7a9c1"><testcase classname="tests.test_backend.TestVendors" name="test_create_default_shape" time="0.762" /><testcase classname="tests.test_backend.TestVendors" name="test_get_vendor" time="0.234" /><testcase classname="tests.test_backend.TestVendors" name="test_list_with_filters" time="0.051" /><testcase classname="tests.test_backend.TestVendors" name="test_update_nested_fields" time="0.550" /><testcase classname="tests.test_backend.TestUsers" name="test_create_only_needs_name_and_role" time="1.319" /><testcase classname="tests.test_backend.TestUsers" name="test_new_user_can_login_with_default_passcode" time="0.276" /><testcase classname="tests.test_backend.TestUsers" name="test_list_users_as_admin_hides_password_hash" time="0.049" /><testcase classname="tests.test_backend.TestVendors" name="test_status_change_flow" time="0.319" /><testcase classname="tests.test_backend.TestUsers" name="test_list_users_as_reviewer_forbidden" time="0.547" /><testcase classname="tests.test_backend.TestUsers" name="test_create_user_as_reviewer_forbidden" time="0.048" /><testcase classname="tests.test_backend.TestUsers" name="test_patch_user_role_and_active" time="0.599" /><testcase classname="tests.test_backend.TestVendors" name="test_approver_role_enforcement" time="1.201" /><testcase classname="tests.test_backend.TestUsers" name="test_reset_password_empty_body_resets_to_default" time="2.352" /><testcase classname="tests.test_backend.TestVendors" name="test_approver_can_return" time="1.953" /><testcase classname="tests.test_backend.TestVendors" name="test_add_history_manual" time="0.054" /><testcase classname="tests.test_backend.TestVendors" name="test_delete_vendor_admin_only" time="0.149" /><testcase classname="tests.test_backend.TestUsers" name="test_reset_password_no_body_ok" time="0.570" /><testcase classname="tests.test_backend.TestAuthLogin" name="test_login_success" time="0.486" /><testcase classname="tests.test_backend.TestAuthLogin" name="test_login_wrong_passcode" time="0.278" /><testcase classname="tests.test_backend.TestUsers" name="test_delete_user" time="0.546" /><testcase classname="tests.test_backend.TestAuthLogin" name="test_login_unknown_user_id" time="0.222" /><testcase classname="tests.test_backend.TestAuthLogin" name="test_login_invalid_passcode_format" time="0.046" /><testcase classname="tests.test_backend.TestAuthLogin" name="test_login_legacy_email_password_rejected" time="0.046" /><testcase classname="tests.test_backend.TestAuthLogin" name="test_me_with_token" time="0.050" /><testcase classname="tests.test_backend.TestAuthLogin" name="test_me_without_token" time="0.112" /><testcase classname="tests.test_backend.TestUsers" name="test_admin_cant_deactivate_self" time="0.156" /><testcase classname="tests.test_insights.TestInsightsShape" name="test_endpoint_requires_auth" time="0.109" /><testcase classname="tests.test_backend.TestAuthLogin" name="test_logout" time="0.052" /><testcase classname="tests.test_backend.TestReference" name="test_categories" time="0.049" /><testcase classname="tests.test_backend.TestReference" name="test_countries" time="0.233" /><testcase classname="tests.test_backend.TestReference" name="test_statuses" time="0.092" /><testcase classname="tests.test_backend.TestReference" name="test_reference_requires_auth" time="0.232" /><testcase classname="tests.test_insights.TestInsightsShape" name="test_endpoint_ok_for_any_role" time="1.153" /><testcase classname="tests.test_backend.TestChangePasscode" name="test_change_passcode_flow" time="2.017" /><testcase classname="tests.test_insights.TestInsightsShape" name="test_top_level_keys_extended" time="0.270" /><testcase classname="tests.test_insights.TestInsightsShape" name="test_time_heatmap_shape" time="0.494" /><testcase classname="tests.test_insights.TestInsightsShape" name="test_rework_shape" time="0.269" /><testcase classname="tests.test_insights.TestInsightsShape" name="test_eta_shape" time="0.054" /><testcase classname="tests.test_insights.TestInsightsPDF" name="test_pdf_requires_auth" time="0.327" /><testcase classname="tests.test_insights.TestInsightsPDF" name="test_pdf_with_query_auth" time="0.125" /><testcase classname="tests.test_backend.TestChangePasscode" name="test_change_passcode_requires_auth" time="0.147" /><testcase classname="tests.test_insights.TestInsightsPDF" name="test_pdf_with_bearer_header" time="0.132" /><testcase classname="tests.test_backend.TestChangePasscode" name="test_change_passcode_invalid_format" time="0.073" /><testcase classname="tests.test_backend.TestAnalytics" name="test_summary" time="0.091" /><testcase classname="tests.test_backend.TestSettings" name="test_valid_theme" time="0.675" /><testcase classname="tests.test_backend.TestAnalytics" name="test_audit_log_admin_only" time="0.638" /><testcase classname="tests.test_backend.TestSettings" name="test_invalid_theme" time="0.047" /><testcase classname="tests.test_backend.TestPWA" name="test_manifest" time="0.100" /><testcase classname="tests.test_insights.TestInsightsSLAFlow" name="test_full_approval_flow_updates_insights" time="56.763" /><testcase classname="tests.test_backend.TestPWA" name="test_service_worker" time="0.134" /><testcase classname="tests.test_backend.TestHealth" name="test_root" time="0.045" /><testcase classname="tests.test_backend.TestDocuments" name="test_upload_download_delete" time="56.230" /><testcase classname="tests.test_backend.TestExport" name="test_csv" time="0.071" /><testcase classname="tests.test_insights.TestInsightsRework" name="test_rework_top_vendors_reflects_return_loops" time="0.552" /><testcase classname="tests.test_insights.TestInsightsSLAFlow" name="test_aging_and_status_since" time="0.726" /><testcase classname="tests.test_insights.TestInsightsETA" name="test_new_vendor_appears_in_eta_with_low_confidence_or_similar" time="0.112" /><testcase classname="tests.test_backend.TestAuthMembers" name="test_members_public_no_auth" time="0.123" /></testsuite></testsuites>